Determining if the pthread_create exist failed with the following output:
Change Dir: /home/pratyush/kratos/build/CMakeFiles/CMakeTmp

Run Build Command:"/usr/bin/make" "cmTC_25f9b/fast"
/usr/bin/make -f CMakeFiles/cmTC_25f9b.dir/build.make CMakeFiles/cmTC_25f9b.dir/build
make[1]: Entering directory '/home/pratyush/kratos/build/CMakeFiles/CMakeTmp'
Building C object CMakeFiles/cmTC_25f9b.dir/CheckSymbolExists.c.o
/usr/bin/cc    -o CMakeFiles/cmTC_25f9b.dir/CheckSymbolExists.c.o   -c /home/pratyush/kratos/build/CMakeFiles/CMakeTmp/CheckSymbolExists.c
Linking C executable cmTC_25f9b
/usr/bin/cmake -E cmake_link_script CMakeFiles/cmTC_25f9b.dir/link.txt --verbose=1
/usr/bin/cc      -rdynamic CMakeFiles/cmTC_25f9b.dir/CheckSymbolExists.c.o  -o cmTC_25f9b 
CMakeFiles/cmTC_25f9b.dir/CheckSymbolExists.c.o: In function `main':
CheckSymbolExists.c:(.text+0x1b): undefined reference to `pthread_create'
collect2: error: ld returned 1 exit status
CMakeFiles/cmTC_25f9b.dir/build.make:97: recipe for target 'cmTC_25f9b' failed
make[1]: *** [cmTC_25f9b] Error 1
make[1]: Leaving directory '/home/pratyush/kratos/build/CMakeFiles/CMakeTmp'
Makefile:126: recipe for target 'cmTC_25f9b/fast' failed
make: *** [cmTC_25f9b/fast] Error 2

File /home/pratyush/kratos/build/CMakeFiles/CMakeTmp/CheckSymbolExists.c:
/* */
#include <pthread.h>

int main(int argc, char** argv)
{
  (void)argv;
#ifndef pthread_create
  return ((int*)(&pthread_create))[argc];
#else
  (void)argc;
  return 0;
#endif
}

Determining if the function pthread_create exists in the pthreads failed with the following output:
Change Dir: /home/pratyush/kratos/build/CMakeFiles/CMakeTmp

Run Build Command:"/usr/bin/make" "cmTC_2983f/fast"
/usr/bin/make -f CMakeFiles/cmTC_2983f.dir/build.make CMakeFiles/cmTC_2983f.dir/build
make[1]: Entering directory '/home/pratyush/kratos/build/CMakeFiles/CMakeTmp'
Building C object CMakeFiles/cmTC_2983f.dir/CheckFunctionExists.c.o
/usr/bin/cc   -DCHECK_FUNCTION_EXISTS=pthread_create   -o CMakeFiles/cmTC_2983f.dir/CheckFunctionExists.c.o   -c /usr/share/cmake-3.10/Modules/CheckFunctionExists.c
Linking C executable cmTC_2983f
/usr/bin/cmake -E cmake_link_script CMakeFiles/cmTC_2983f.dir/link.txt --verbose=1
/usr/bin/cc  -DCHECK_FUNCTION_EXISTS=pthread_create    -rdynamic CMakeFiles/cmTC_2983f.dir/CheckFunctionExists.c.o  -o cmTC_2983f -lpthreads 
/usr/bin/ld: cannot find -lpthreads
collect2: error: ld returned 1 exit status
CMakeFiles/cmTC_2983f.dir/build.make:97: recipe for target 'cmTC_2983f' failed
make[1]: *** [cmTC_2983f] Error 1
make[1]: Leaving directory '/home/pratyush/kratos/build/CMakeFiles/CMakeTmp'
Makefile:126: recipe for target 'cmTC_2983f/fast' failed
make: *** [cmTC_2983f/fast] Error 2


